

Started GET "/" for ::1 at 2015-10-24 16:33:07 -0400
Processing by VisitorsController#index as HTML
  Rendered visitors/index.html.erb within layouts/application (0.8ms)
  Rendered layouts/_navigation_links.html.erb (0.4ms)
  Rendered layouts/_navigation.html.erb (1.4ms)
  Rendered layouts/_messages.html.erb (0.3ms)
Completed 200 OK in 4963ms (Views: 4955.6ms)


Started GET "/pages/about" for ::1 at 2015-10-24 16:33:16 -0400
Processing by HighVoltage::PagesController#show as HTML
  Parameters: {"id"=>"about"}
  Rendered pages/about.html.erb within layouts/application (0.4ms)
  Rendered layouts/_navigation_links.html.erb (0.3ms)
  Rendered layouts/_navigation.html.erb (1.2ms)
  Rendered layouts/_messages.html.erb (0.3ms)
Completed 200 OK in 67ms (Views: 66.5ms)


Started GET "/" for ::1 at 2015-10-24 16:33:21 -0400
Processing by VisitorsController#index as HTML
  Rendered visitors/index.html.erb within layouts/application (0.3ms)
  Rendered layouts/_navigation_links.html.erb (0.1ms)
  Rendered layouts/_navigation.html.erb (0.7ms)
  Rendered layouts/_messages.html.erb (0.1ms)
Completed 200 OK in 70ms (Views: 69.3ms)


Started GET "/pages/about" for ::1 at 2015-10-24 16:33:22 -0400
Processing by HighVoltage::PagesController#show as HTML
  Parameters: {"id"=>"about"}
  Rendered pages/about.html.erb within layouts/application (0.1ms)
  Rendered layouts/_navigation_links.html.erb (0.1ms)
  Rendered layouts/_navigation.html.erb (0.7ms)
  Rendered layouts/_messages.html.erb (0.0ms)
Completed 200 OK in 69ms (Views: 68.8ms)


Started GET "/" for ::1 at 2015-10-24 16:33:23 -0400
Processing by VisitorsController#index as HTML
  Rendered visitors/index.html.erb within layouts/application (0.0ms)
  Rendered layouts/_navigation_links.html.erb (0.1ms)
  Rendered layouts/_navigation.html.erb (0.8ms)
  Rendered layouts/_messages.html.erb (0.1ms)
Completed 200 OK in 122ms (Views: 122.1ms)


Started GET "/pages/about" for ::1 at 2015-10-24 16:34:58 -0400
Processing by HighVoltage::PagesController#show as HTML
  Parameters: {"id"=>"about"}
  Rendered pages/about.html.erb within layouts/application (0.1ms)
  Rendered layouts/_navigation_links.html.erb (0.2ms)
  Rendered layouts/_navigation.html.erb (1.0ms)
  Rendered layouts/_messages.html.erb (0.0ms)
Completed 200 OK in 67ms (Views: 66.2ms)


Started GET "/" for ::1 at 2015-10-24 16:38:40 -0400
Processing by VisitorsController#index as HTML
  Rendered visitors/index.html.erb within layouts/application (0.0ms)
  Rendered layouts/_navigation_links.html.erb (0.1ms)
  Rendered layouts/_navigation.html.erb (0.8ms)
  Rendered layouts/_messages.html.erb (0.0ms)
Completed 200 OK in 243ms (Views: 243.1ms)


Started GET "/" for ::1 at 2015-10-24 16:38:40 -0400
Processing by VisitorsController#index as HTML
  Rendered visitors/index.html.erb within layouts/application (0.0ms)
  Rendered layouts/_navigation_links.html.erb (0.1ms)
  Rendered layouts/_navigation.html.erb (0.7ms)
  Rendered layouts/_messages.html.erb (0.0ms)
Completed 200 OK in 71ms (Views: 70.3ms)
